This is pdfTeX, Version 3.14159265-2.6-1.40.21 (TeX Live 2020) (preloaded format=pdflatex 2021.3.1)  2 MAR 2021 17:02
entering extended mode
 restricted \write18 enabled.
 %&-line parsing enabled.
**01_Beamer_TEMPLATE.tex
(./01_Beamer_TEMPLATE.tex
LaTeX2e <2020-10-01> patch level 4
L3 programming layer <2021-01-09> xparse <2020-03-03>
(/Users/laneywilliams/Library/TinyTeX/texmf-dist/tex/latex/beamer/beamer.cls
Document Class: beamer 2021/02/09 v3.61 A class for typesetting presentations

(/Users/laneywilliams/Library/TinyTeX/texmf-dist/tex/latex/beamer/beamerbasemod
es.sty
(/Users/laneywilliams/Library/TinyTeX/texmf-dist/tex/latex/etoolbox/etoolbox.st
y
Package: etoolbox 2020/10/05 v2.5k e-TeX tools for LaTeX (JAW)
\etb@tempcnta=\count177
)
\beamer@tempbox=\box47
\beamer@tempcount=\count178
\c@beamerpauses=\count179

(/Users/laneywilliams/Library/TinyTeX/texmf-dist/tex/latex/beamer/beamerbasedec
ode.sty
\beamer@slideinframe=\count180
\beamer@minimum=\count181
\beamer@decode@box=\box48
)
\beamer@commentbox=\box49
\beamer@modecount=\count182
)
(/Users/laneywilliams/Library/TinyTeX/texmf-dist/tex/generic/iftex/ifpdf.sty
Package: ifpdf 2019/10/25 v3.4 ifpdf legacy package. Use iftex instead.

(/Users/laneywilliams/Library/TinyTeX/texmf-dist/tex/generic/iftex/iftex.sty
Package: iftex 2020/03/06 v1.0d TeX engine tests
))
\headdp=\dimen138
\footheight=\dimen139
\sidebarheight=\dimen140
\beamer@tempdim=\dimen141
\beamer@finalheight=\dimen142
\beamer@animht=\dimen143
\beamer@animdp=\dimen144
\beamer@animwd=\dimen145
\beamer@leftmargin=\dimen146
\beamer@rightmargin=\dimen147
\beamer@leftsidebar=\dimen148
\beamer@rightsidebar=\dimen149
\beamer@boxsize=\dimen150
\beamer@vboxoffset=\dimen151
\beamer@descdefault=\dimen152
\beamer@descriptionwidth=\dimen153
\beamer@lastskip=\skip47
\beamer@areabox=\box50
\beamer@animcurrent=\box51
\beamer@animshowbox=\box52
\beamer@sectionbox=\box53
\beamer@logobox=\box54
\beamer@linebox=\box55
\beamer@sectioncount=\count183
\beamer@subsubsectionmax=\count184
\beamer@subsectionmax=\count185
\beamer@sectionmax=\count186
\beamer@totalheads=\count187
\beamer@headcounter=\count188
\beamer@partstartpage=\count189
\beamer@sectionstartpage=\count190
\beamer@subsectionstartpage=\count191
\beamer@animationtempa=\count192
\beamer@animationtempb=\count193
\beamer@xpos=\count194
\beamer@ypos=\count195
\beamer@ypos@offset=\count196
\beamer@showpartnumber=\count197
\beamer@currentsubsection=\count198
\beamer@coveringdepth=\count199
\beamer@sectionadjust=\count266
\beamer@tocsectionnumber=\count267

(/Users/laneywilliams/Library/TinyTeX/texmf-dist/tex/latex/beamer/beamerbaseopt
ions.sty
(/Users/laneywilliams/Library/TinyTeX/texmf-dist/tex/latex/graphics/keyval.sty
Package: keyval 2014/10/28 v1.15 key=value parser (DPC)
\KV@toks@=\toks15
))
\beamer@paperwidth=\skip48
\beamer@paperheight=\skip49

(/Users/laneywilliams/Library/TinyTeX/texmf-dist/tex/latex/geometry/geometry.st
y
Package: geometry 2020/01/02 v5.9 Page Geometry
 (/Users/laneywilliams/Library/TinyTeX/texmf-dist/tex/generic/iftex/ifvtex.sty
Package: ifvtex 2019/10/25 v1.7 ifvtex legacy package. Use iftex instead.
)
\Gm@cnth=\count268
\Gm@cntv=\count269
\c@Gm@tempcnt=\count270
\Gm@bindingoffset=\dimen154
\Gm@wd@mp=\dimen155
\Gm@odd@mp=\dimen156
\Gm@even@mp=\dimen157
\Gm@layoutwidth=\dimen158
\Gm@layoutheight=\dimen159
\Gm@layouthoffset=\dimen160
\Gm@layoutvoffset=\dimen161
\Gm@dimlist=\toks16
) (/Users/laneywilliams/Library/TinyTeX/texmf-dist/tex/latex/base/size12.clo
File: size12.clo 2020/04/10 v1.4m Standard LaTeX file (size option)
)
(/Users/laneywilliams/Library/TinyTeX/texmf-dist/tex/latex/pgf/basiclayer/pgfco
re.sty
(/Users/laneywilliams/Library/TinyTeX/texmf-dist/tex/latex/graphics/graphicx.st
y
Package: graphicx 2020/09/09 v1.2b Enhanced LaTeX Graphics (DPC,SPQR)

(/Users/laneywilliams/Library/TinyTeX/texmf-dist/tex/latex/graphics/graphics.st
y
Package: graphics 2020/08/30 v1.4c Standard LaTeX Graphics (DPC,SPQR)
 (/Users/laneywilliams/Library/TinyTeX/texmf-dist/tex/latex/graphics/trig.sty
Package: trig 2016/01/03 v1.10 sin cos tan (DPC)
)
(/Users/laneywilliams/Library/TinyTeX/texmf-dist/tex/latex/graphics-cfg/graphic
s.cfg
File: graphics.cfg 2016/06/04 v1.11 sample graphics configuration
)
Package graphics Info: Driver file: pdftex.def on input line 105.

(/Users/laneywilliams/Library/TinyTeX/texmf-dist/tex/latex/graphics-def/pdftex.
def
File: pdftex.def 2020/10/05 v1.2a Graphics/color driver for pdftex
))
\Gin@req@height=\dimen162
\Gin@req@width=\dimen163
)
(/Users/laneywilliams/Library/TinyTeX/texmf-dist/tex/latex/pgf/systemlayer/pgfs
ys.sty
(/Users/laneywilliams/Library/TinyTeX/texmf-dist/tex/latex/pgf/utilities/pgfrcs
.sty
(/Users/laneywilliams/Library/TinyTeX/texmf-dist/tex/generic/pgf/utilities/pgfu
til-common.tex
\pgfutil@everybye=\toks17
\pgfutil@tempdima=\dimen164
\pgfutil@tempdimb=\dimen165

(/Users/laneywilliams/Library/TinyTeX/texmf-dist/tex/generic/pgf/utilities/pgfu
til-common-lists.tex))
(/Users/laneywilliams/Library/TinyTeX/texmf-dist/tex/generic/pgf/utilities/pgfu
til-latex.def
\pgfutil@abb=\box56
)
(/Users/laneywilliams/Library/TinyTeX/texmf-dist/tex/generic/pgf/utilities/pgfr
cs.code.tex
(/Users/laneywilliams/Library/TinyTeX/texmf-dist/tex/generic/pgf/pgf.revision.t
ex)
Package: pgfrcs 2020/12/27 v3.1.8b (3.1.8b)
))
(/Users/laneywilliams/Library/TinyTeX/texmf-dist/tex/generic/pgf/systemlayer/pg
fsys.code.tex
Package: pgfsys 2020/12/27 v3.1.8b (3.1.8b)

(/Users/laneywilliams/Library/TinyTeX/texmf-dist/tex/generic/pgf/utilities/pgfk
eys.code.tex
\pgfkeys@pathtoks=\toks18
\pgfkeys@temptoks=\toks19

(/Users/laneywilliams/Library/TinyTeX/texmf-dist/tex/generic/pgf/utilities/pgfk
eysfiltered.code.tex
\pgfkeys@tmptoks=\toks20
))
\pgf@x=\dimen166
\pgf@y=\dimen167
\pgf@xa=\dimen168
\pgf@ya=\dimen169
\pgf@xb=\dimen170
\pgf@yb=\dimen171
\pgf@xc=\dimen172
\pgf@yc=\dimen173
\pgf@xd=\dimen174
\pgf@yd=\dimen175
\w@pgf@writea=\write3
\r@pgf@reada=\read2
\c@pgf@counta=\count271
\c@pgf@countb=\count272
\c@pgf@countc=\count273
\c@pgf@countd=\count274
\t@pgf@toka=\toks21
\t@pgf@tokb=\toks22
\t@pgf@tokc=\toks23
\pgf@sys@id@count=\count275

(/Users/laneywilliams/Library/TinyTeX/texmf-dist/tex/generic/pgf/systemlayer/pg
f.cfg
File: pgf.cfg 2020/12/27 v3.1.8b (3.1.8b)
)
Driver file for pgf: pgfsys-pdftex.def

(/Users/laneywilliams/Library/TinyTeX/texmf-dist/tex/generic/pgf/systemlayer/pg
fsys-pdftex.def
File: pgfsys-pdftex.def 2020/12/27 v3.1.8b (3.1.8b)

(/Users/laneywilliams/Library/TinyTeX/texmf-dist/tex/generic/pgf/systemlayer/pg
fsys-common-pdf.def
File: pgfsys-common-pdf.def 2020/12/27 v3.1.8b (3.1.8b)
)))
(/Users/laneywilliams/Library/TinyTeX/texmf-dist/tex/generic/pgf/systemlayer/pg
fsyssoftpath.code.tex
File: pgfsyssoftpath.code.tex 2020/12/27 v3.1.8b (3.1.8b)
\pgfsyssoftpath@smallbuffer@items=\count276
\pgfsyssoftpath@bigbuffer@items=\count277
)
(/Users/laneywilliams/Library/TinyTeX/texmf-dist/tex/generic/pgf/systemlayer/pg
fsysprotocol.code.tex
File: pgfsysprotocol.code.tex 2020/12/27 v3.1.8b (3.1.8b)
))
(/Users/laneywilliams/Library/TinyTeX/texmf-dist/tex/latex/xcolor/xcolor.sty
Package: xcolor 2016/05/11 v2.12 LaTeX color extensions (UK)

(/Users/laneywilliams/Library/TinyTeX/texmf-dist/tex/latex/graphics-cfg/color.c
fg
File: color.cfg 2016/01/02 v1.6 sample color configuration
)
Package xcolor Info: Driver file: pdftex.def on input line 225.
Package xcolor Info: Model `cmy' substituted by `cmy0' on input line 1348.
Package xcolor Info: Model `hsb' substituted by `rgb' on input line 1352.
Package xcolor Info: Model `RGB' extended on input line 1364.
Package xcolor Info: Model `HTML' substituted by `rgb' on input line 1366.
Package xcolor Info: Model `Hsb' substituted by `hsb' on input line 1367.
Package xcolor Info: Model `tHsb' substituted by `hsb' on input line 1368.
Package xcolor Info: Model `HSB' substituted by `hsb' on input line 1369.
Package xcolor Info: Model `Gray' substituted by `gray' on input line 1370.
Package xcolor Info: Model `wave' substituted by `hsb' on input line 1371.
)
(/Users/laneywilliams/Library/TinyTeX/texmf-dist/tex/generic/pgf/basiclayer/pgf
core.code.tex
Package: pgfcore 2020/12/27 v3.1.8b (3.1.8b)

(/Users/laneywilliams/Library/TinyTeX/texmf-dist/tex/generic/pgf/math/pgfmath.c
ode.tex
(/Users/laneywilliams/Library/TinyTeX/texmf-dist/tex/generic/pgf/math/pgfmathca
lc.code.tex
(/Users/laneywilliams/Library/TinyTeX/texmf-dist/tex/generic/pgf/math/pgfmathut
il.code.tex)
(/Users/laneywilliams/Library/TinyTeX/texmf-dist/tex/generic/pgf/math/pgfmathpa
rser.code.tex
\pgfmath@dimen=\dimen176
\pgfmath@count=\count278
\pgfmath@box=\box57
\pgfmath@toks=\toks24
\pgfmath@stack@operand=\toks25
\pgfmath@stack@operation=\toks26
)
(/Users/laneywilliams/Library/TinyTeX/texmf-dist/tex/generic/pgf/math/pgfmathfu
nctions.code.tex
(/Users/laneywilliams/Library/TinyTeX/texmf-dist/tex/generic/pgf/math/pgfmathfu
nctions.basic.code.tex)
(/Users/laneywilliams/Library/TinyTeX/texmf-dist/tex/generic/pgf/math/pgfmathfu
nctions.trigonometric.code.tex)
(/Users/laneywilliams/Library/TinyTeX/texmf-dist/tex/generic/pgf/math/pgfmathfu
nctions.random.code.tex)
(/Users/laneywilliams/Library/TinyTeX/texmf-dist/tex/generic/pgf/math/pgfmathfu
nctions.comparison.code.tex)
(/Users/laneywilliams/Library/TinyTeX/texmf-dist/tex/generic/pgf/math/pgfmathfu
nctions.base.code.tex)
(/Users/laneywilliams/Library/TinyTeX/texmf-dist/tex/generic/pgf/math/pgfmathfu
nctions.round.code.tex)
(/Users/laneywilliams/Library/TinyTeX/texmf-dist/tex/generic/pgf/math/pgfmathfu
nctions.misc.code.tex)
(/Users/laneywilliams/Library/TinyTeX/texmf-dist/tex/generic/pgf/math/pgfmathfu
nctions.integerarithmetics.code.tex)))
(/Users/laneywilliams/Library/TinyTeX/texmf-dist/tex/generic/pgf/math/pgfmathfl
oat.code.tex
\c@pgfmathroundto@lastzeros=\count279
))
(/Users/laneywilliams/Library/TinyTeX/texmf-dist/tex/generic/pgf/math/pgfint.co
de.tex)
(/Users/laneywilliams/Library/TinyTeX/texmf-dist/tex/generic/pgf/basiclayer/pgf
corepoints.code.tex
File: pgfcorepoints.code.tex 2020/12/27 v3.1.8b (3.1.8b)
\pgf@picminx=\dimen177
\pgf@picmaxx=\dimen178
\pgf@picminy=\dimen179
\pgf@picmaxy=\dimen180
\pgf@pathminx=\dimen181
\pgf@pathmaxx=\dimen182
\pgf@pathminy=\dimen183
\pgf@pathmaxy=\dimen184
\pgf@xx=\dimen185
\pgf@xy=\dimen186
\pgf@yx=\dimen187
\pgf@yy=\dimen188
\pgf@zx=\dimen189
\pgf@zy=\dimen190
)
(/Users/laneywilliams/Library/TinyTeX/texmf-dist/tex/generic/pgf/basiclayer/pgf
corepathconstruct.code.tex
File: pgfcorepathconstruct.code.tex 2020/12/27 v3.1.8b (3.1.8b)
\pgf@path@lastx=\dimen191
\pgf@path@lasty=\dimen192
)
(/Users/laneywilliams/Library/TinyTeX/texmf-dist/tex/generic/pgf/basiclayer/pgf
corepathusage.code.tex
File: pgfcorepathusage.code.tex 2020/12/27 v3.1.8b (3.1.8b)
\pgf@shorten@end@additional=\dimen193
\pgf@shorten@start@additional=\dimen194
)
(/Users/laneywilliams/Library/TinyTeX/texmf-dist/tex/generic/pgf/basiclayer/pgf
corescopes.code.tex
File: pgfcorescopes.code.tex 2020/12/27 v3.1.8b (3.1.8b)
\pgfpic=\box58
\pgf@hbox=\box59
\pgf@layerbox@main=\box60
\pgf@picture@serial@count=\count280
)
(/Users/laneywilliams/Library/TinyTeX/texmf-dist/tex/generic/pgf/basiclayer/pgf
coregraphicstate.code.tex
File: pgfcoregraphicstate.code.tex 2020/12/27 v3.1.8b (3.1.8b)
\pgflinewidth=\dimen195
)
(/Users/laneywilliams/Library/TinyTeX/texmf-dist/tex/generic/pgf/basiclayer/pgf
coretransformations.code.tex
File: pgfcoretransformations.code.tex 2020/12/27 v3.1.8b (3.1.8b)
\pgf@pt@x=\dimen196
\pgf@pt@y=\dimen197
\pgf@pt@temp=\dimen198
)
(/Users/laneywilliams/Library/TinyTeX/texmf-dist/tex/generic/pgf/basiclayer/pgf
corequick.code.tex
File: pgfcorequick.code.tex 2020/12/27 v3.1.8b (3.1.8b)
)
(/Users/laneywilliams/Library/TinyTeX/texmf-dist/tex/generic/pgf/basiclayer/pgf
coreobjects.code.tex
File: pgfcoreobjects.code.tex 2020/12/27 v3.1.8b (3.1.8b)
)
(/Users/laneywilliams/Library/TinyTeX/texmf-dist/tex/generic/pgf/basiclayer/pgf
corepathprocessing.code.tex
File: pgfcorepathprocessing.code.tex 2020/12/27 v3.1.8b (3.1.8b)
)
(/Users/laneywilliams/Library/TinyTeX/texmf-dist/tex/generic/pgf/basiclayer/pgf
corearrows.code.tex
File: pgfcorearrows.code.tex 2020/12/27 v3.1.8b (3.1.8b)
\pgfarrowsep=\dimen199
)
(/Users/laneywilliams/Library/TinyTeX/texmf-dist/tex/generic/pgf/basiclayer/pgf
coreshade.code.tex
File: pgfcoreshade.code.tex 2020/12/27 v3.1.8b (3.1.8b)
\pgf@max=\dimen256
\pgf@sys@shading@range@num=\count281
\pgf@shadingcount=\count282
)
(/Users/laneywilliams/Library/TinyTeX/texmf-dist/tex/generic/pgf/basiclayer/pgf
coreimage.code.tex
File: pgfcoreimage.code.tex 2020/12/27 v3.1.8b (3.1.8b)

(/Users/laneywilliams/Library/TinyTeX/texmf-dist/tex/generic/pgf/basiclayer/pgf
coreexternal.code.tex
File: pgfcoreexternal.code.tex 2020/12/27 v3.1.8b (3.1.8b)
\pgfexternal@startupbox=\box61
))
(/Users/laneywilliams/Library/TinyTeX/texmf-dist/tex/generic/pgf/basiclayer/pgf
corelayers.code.tex
File: pgfcorelayers.code.tex 2020/12/27 v3.1.8b (3.1.8b)
)
(/Users/laneywilliams/Library/TinyTeX/texmf-dist/tex/generic/pgf/basiclayer/pgf
coretransparency.code.tex
File: pgfcoretransparency.code.tex 2020/12/27 v3.1.8b (3.1.8b)
)
(/Users/laneywilliams/Library/TinyTeX/texmf-dist/tex/generic/pgf/basiclayer/pgf
corepatterns.code.tex
File: pgfcorepatterns.code.tex 2020/12/27 v3.1.8b (3.1.8b)
)
(/Users/laneywilliams/Library/TinyTeX/texmf-dist/tex/generic/pgf/basiclayer/pgf
corerdf.code.tex
File: pgfcorerdf.code.tex 2020/12/27 v3.1.8b (3.1.8b)
)))
(/Users/laneywilliams/Library/TinyTeX/texmf-dist/tex/latex/pgf/utilities/xxcolo
r.sty
Package: xxcolor 2003/10/24 ver 0.1
\XC@nummixins=\count283
\XC@countmixins=\count284
)
(/Users/laneywilliams/Library/TinyTeX/texmf-dist/tex/latex/base/atbegshi-ltx.st
y
Package: atbegshi-ltx 2020/08/17 v1.0a Emulation of the original atbegshi packa
ge
with kernel methods
)
(/Users/laneywilliams/Library/TinyTeX/texmf-dist/tex/latex/hyperref/hyperref.st
y
Package: hyperref 2020-05-15 v7.00e Hypertext links for LaTeX

(/Users/laneywilliams/Library/TinyTeX/texmf-dist/tex/generic/ltxcmds/ltxcmds.st
y
Package: ltxcmds 2020-05-10 v1.25 LaTeX kernel commands for general use (HO)
)
(/Users/laneywilliams/Library/TinyTeX/texmf-dist/tex/generic/pdftexcmds/pdftexc
mds.sty
Package: pdftexcmds 2020-06-27 v0.33 Utility functions of pdfTeX for LuaTeX (HO
)

(/Users/laneywilliams/Library/TinyTeX/texmf-dist/tex/generic/infwarerr/infwarer
r.sty
Package: infwarerr 2019/12/03 v1.5 Providing info/warning/error messages (HO)
)
Package pdftexcmds Info: \pdf@primitive is available.
Package pdftexcmds Info: \pdf@ifprimitive is available.
Package pdftexcmds Info: \pdfdraftmode found.
)
(/Users/laneywilliams/Library/TinyTeX/texmf-dist/tex/generic/kvsetkeys/kvsetkey
s.sty
Package: kvsetkeys 2019/12/15 v1.18 Key value parser (HO)
)
(/Users/laneywilliams/Library/TinyTeX/texmf-dist/tex/generic/kvdefinekeys/kvdef
inekeys.sty
Package: kvdefinekeys 2019-12-19 v1.6 Define keys (HO)
)
(/Users/laneywilliams/Library/TinyTeX/texmf-dist/tex/generic/pdfescape/pdfescap
e.sty
Package: pdfescape 2019/12/09 v1.15 Implements pdfTeX's escape features (HO)
)
(/Users/laneywilliams/Library/TinyTeX/texmf-dist/tex/latex/hycolor/hycolor.sty
Package: hycolor 2020-01-27 v1.10 Color options for hyperref/bookmark (HO)
)
(/Users/laneywilliams/Library/TinyTeX/texmf-dist/tex/latex/letltxmacro/letltxma
cro.sty
Package: letltxmacro 2019/12/03 v1.6 Let assignment for LaTeX macros (HO)
)
(/Users/laneywilliams/Library/TinyTeX/texmf-dist/tex/latex/auxhook/auxhook.sty
Package: auxhook 2019-12-17 v1.6 Hooks for auxiliary files (HO)
)
(/Users/laneywilliams/Library/TinyTeX/texmf-dist/tex/latex/kvoptions/kvoptions.
sty
Package: kvoptions 2020-10-07 v3.14 Key value format for package options (HO)
)
\@linkdim=\dimen257
\Hy@linkcounter=\count285
\Hy@pagecounter=\count286

(/Users/laneywilliams/Library/TinyTeX/texmf-dist/tex/latex/hyperref/pd1enc.def
File: pd1enc.def 2020-05-15 v7.00e Hyperref: PDFDocEncoding definition (HO)
Now handling font encoding PD1 ...
... no UTF-8 mapping file for font encoding PD1
)
(/Users/laneywilliams/Library/TinyTeX/texmf-dist/tex/generic/intcalc/intcalc.st
y
Package: intcalc 2019/12/15 v1.3 Expandable calculations with integers (HO)
)
(/Users/laneywilliams/Library/TinyTeX/texmf-dist/tex/generic/etexcmds/etexcmds.
sty
Package: etexcmds 2019/12/15 v1.7 Avoid name clashes with e-TeX commands (HO)
)
\Hy@SavedSpaceFactor=\count287
Package hyperref Info: Option `bookmarks' set `true' on input line 4338.
Package hyperref Info: Option `bookmarksopen' set `true' on input line 4338.
Package hyperref Info: Option `implicit' set `false' on input line 4338.
Package hyperref Info: Hyper figures OFF on input line 4464.
Package hyperref Info: Link nesting OFF on input line 4469.
Package hyperref Info: Hyper index ON on input line 4472.
Package hyperref Info: Plain pages OFF on input line 4479.
Package hyperref Info: Backreferencing OFF on input line 4484.
Package hyperref Info: Implicit mode OFF; no redefinition of LaTeX internals.
Package hyperref Info: Bookmarks ON on input line 4717.
\c@Hy@tempcnt=\count288
 (/Users/laneywilliams/Library/TinyTeX/texmf-dist/tex/latex/url/url.sty
\Urlmuskip=\muskip16
Package: url 2013/09/16  ver 3.4  Verb mode for urls, etc.
)
LaTeX Info: Redefining \url on input line 5076.
\XeTeXLinkMargin=\dimen258

(/Users/laneywilliams/Library/TinyTeX/texmf-dist/tex/generic/bitset/bitset.sty
Package: bitset 2019/12/09 v1.3 Handle bit-vector datatype (HO)

(/Users/laneywilliams/Library/TinyTeX/texmf-dist/tex/generic/bigintcalc/bigintc
alc.sty
Package: bigintcalc 2019/12/15 v1.5 Expandable calculations on big integers (HO
)
))
\Fld@menulength=\count289
\Field@Width=\dimen259
\Fld@charsize=\dimen260
Package hyperref Info: Hyper figures OFF on input line 6347.
Package hyperref Info: Link nesting OFF on input line 6352.
Package hyperref Info: Hyper index ON on input line 6355.
Package hyperref Info: backreferencing OFF on input line 6362.
Package hyperref Info: Link coloring OFF on input line 6367.
Package hyperref Info: Link coloring with OCG OFF on input line 6372.
Package hyperref Info: PDF/A mode OFF on input line 6377.
LaTeX Info: Redefining \ref on input line 6417.
LaTeX Info: Redefining \pageref on input line 6421.
\Hy@abspage=\count290


Package hyperref Message: Stopped early.

)
Package hyperref Info: Driver (autodetected): hpdftex.

(/Users/laneywilliams/Library/TinyTeX/texmf-dist/tex/latex/hyperref/hpdftex.def
File: hpdftex.def 2020-05-15 v7.00e Hyperref driver for pdfTeX

(/Users/laneywilliams/Library/TinyTeX/texmf-dist/tex/latex/base/atveryend-ltx.s
ty
Package: atveryend-ltx 2020/08/19 v1.0a Emulation of the original atvery packag
e
with kernel methods
)
\Fld@listcount=\count291
\c@bookmark@seq@number=\count292

(/Users/laneywilliams/Library/TinyTeX/texmf-dist/tex/latex/rerunfilecheck/rerun
filecheck.sty
Package: rerunfilecheck 2019/12/05 v1.9 Rerun checks for auxiliary files (HO)

(/Users/laneywilliams/Library/TinyTeX/texmf-dist/tex/generic/uniquecounter/uniq
uecounter.sty
Package: uniquecounter 2019/12/15 v1.4 Provide unlimited unique counter (HO)
)
Package uniquecounter Info: New unique counter `rerunfilecheck' on input line 2
86.
))
(/Users/laneywilliams/Library/TinyTeX/texmf-dist/tex/latex/beamer/beamerbasereq
uires.sty
(/Users/laneywilliams/Library/TinyTeX/texmf-dist/tex/latex/beamer/beamerbasecom
patibility.sty)
(/Users/laneywilliams/Library/TinyTeX/texmf-dist/tex/latex/beamer/beamerbasefon
t.sty
(/Users/laneywilliams/Library/TinyTeX/texmf-dist/tex/latex/amsfonts/amssymb.sty
Package: amssymb 2013/01/14 v3.01 AMS font symbols

(/Users/laneywilliams/Library/TinyTeX/texmf-dist/tex/latex/amsfonts/amsfonts.st
y
Package: amsfonts 2013/01/14 v3.01 Basic AMSFonts support
\@emptytoks=\toks27
\symAMSa=\mathgroup4
\symAMSb=\mathgroup5
LaTeX Font Info:    Redeclaring math symbol \hbar on input line 98.
LaTeX Font Info:    Overwriting math alphabet `\mathfrak' in version `bold'
(Font)                  U/euf/m/n --> U/euf/b/n on input line 106.
)))
(/Users/laneywilliams/Library/TinyTeX/texmf-dist/tex/latex/beamer/beamerbasetra
nslator.sty
(/Users/laneywilliams/Library/TinyTeX/texmf-dist/tex/latex/translator/translato
r.sty
Package: translator 2020-08-03 v1.12c Easy translation of strings in LaTeX
))
(/Users/laneywilliams/Library/TinyTeX/texmf-dist/tex/latex/beamer/beamerbasemis
c.sty)
(/Users/laneywilliams/Library/TinyTeX/texmf-dist/tex/latex/beamer/beamerbasetwo
screens.sty)
(/Users/laneywilliams/Library/TinyTeX/texmf-dist/tex/latex/beamer/beamerbaseove
rlay.sty
\beamer@argscount=\count293
\beamer@lastskipcover=\skip50
\beamer@trivlistdepth=\count294
)
(/Users/laneywilliams/Library/TinyTeX/texmf-dist/tex/latex/beamer/beamerbasetit
le.sty)
(/Users/laneywilliams/Library/TinyTeX/texmf-dist/tex/latex/beamer/beamerbasesec
tion.sty
\c@lecture=\count295
\c@part=\count296
\c@section=\count297
\c@subsection=\count298
\c@subsubsection=\count299
)
(/Users/laneywilliams/Library/TinyTeX/texmf-dist/tex/latex/beamer/beamerbasefra
me.sty
\beamer@framebox=\box62
\beamer@frametitlebox=\box63
\beamer@zoombox=\box64
\beamer@zoomcount=\count300
\beamer@zoomframecount=\count301
\beamer@frametextheight=\dimen261
\c@subsectionslide=\count302
\beamer@frametopskip=\skip51
\beamer@framebottomskip=\skip52
\beamer@frametopskipautobreak=\skip53
\beamer@framebottomskipautobreak=\skip54
\beamer@envbody=\toks28
\framewidth=\dimen262
\c@framenumber=\count303
)
(/Users/laneywilliams/Library/TinyTeX/texmf-dist/tex/latex/beamer/beamerbasever
batim.sty
\beamer@verbatimfileout=\write4
)
(/Users/laneywilliams/Library/TinyTeX/texmf-dist/tex/latex/beamer/beamerbasefra
mesize.sty
\beamer@splitbox=\box65
\beamer@autobreakcount=\count304
\beamer@autobreaklastheight=\dimen263
\beamer@frametitletoks=\toks29
\beamer@framesubtitletoks=\toks30
)
(/Users/laneywilliams/Library/TinyTeX/texmf-dist/tex/latex/beamer/beamerbasefra
mecomponents.sty
\beamer@footins=\box66
)
(/Users/laneywilliams/Library/TinyTeX/texmf-dist/tex/latex/beamer/beamerbasecol
or.sty)
(/Users/laneywilliams/Library/TinyTeX/texmf-dist/tex/latex/beamer/beamerbasenot
es.sty
\beamer@frameboxcopy=\box67
)
(/Users/laneywilliams/Library/TinyTeX/texmf-dist/tex/latex/beamer/beamerbasetoc
.sty)
(/Users/laneywilliams/Library/TinyTeX/texmf-dist/tex/latex/beamer/beamerbasetem
plates.sty
\beamer@sbttoks=\toks31

(/Users/laneywilliams/Library/TinyTeX/texmf-dist/tex/latex/beamer/beamerbaseaux
templates.sty
(/Users/laneywilliams/Library/TinyTeX/texmf-dist/tex/latex/beamer/beamerbasebox
es.sty
\bmb@box=\box68
\bmb@colorbox=\box69
\bmb@boxwidth=\dimen264
\bmb@boxheight=\dimen265
\bmb@prevheight=\dimen266
\bmb@temp=\dimen267
\bmb@dima=\dimen268
\bmb@dimb=\dimen269
\bmb@prevheight=\dimen270
)
\beamer@blockheadheight=\dimen271
))
(/Users/laneywilliams/Library/TinyTeX/texmf-dist/tex/latex/beamer/beamerbaseloc
alstructure.sty
(/Users/laneywilliams/Library/TinyTeX/texmf-dist/tex/latex/tools/enumerate.sty
Package: enumerate 2015/07/23 v3.00 enumerate extensions (DPC)
\@enLab=\toks32
)
\beamer@bibiconwidth=\skip55
\c@figure=\count305
\c@table=\count306
\abovecaptionskip=\skip56
\belowcaptionskip=\skip57
)
(/Users/laneywilliams/Library/TinyTeX/texmf-dist/tex/latex/beamer/beamerbasenav
igation.sty
\beamer@section@min@dim=\dimen272
)
(/Users/laneywilliams/Library/TinyTeX/texmf-dist/tex/latex/beamer/beamerbasethe
orems.sty
(/Users/laneywilliams/Library/TinyTeX/texmf-dist/tex/latex/amsmath/amsmath.sty
Package: amsmath 2020/09/23 v2.17i AMS math features
\@mathmargin=\skip58

For additional information on amsmath, use the `?' option.
(/Users/laneywilliams/Library/TinyTeX/texmf-dist/tex/latex/amsmath/amstext.sty
Package: amstext 2000/06/29 v2.01 AMS text

(/Users/laneywilliams/Library/TinyTeX/texmf-dist/tex/latex/amsmath/amsgen.sty
File: amsgen.sty 1999/11/30 v2.0 generic functions
\@emptytoks=\toks33
\ex@=\dimen273
)) (/Users/laneywilliams/Library/TinyTeX/texmf-dist/tex/latex/amsmath/amsbsy.st
y
Package: amsbsy 1999/11/29 v1.2d Bold Symbols
\pmbraise@=\dimen274
) (/Users/laneywilliams/Library/TinyTeX/texmf-dist/tex/latex/amsmath/amsopn.sty
Package: amsopn 2016/03/08 v2.02 operator names
)
\inf@bad=\count307
LaTeX Info: Redefining \frac on input line 234.
\uproot@=\count308
\leftroot@=\count309
LaTeX Info: Redefining \overline on input line 399.
\classnum@=\count310
\DOTSCASE@=\count311
LaTeX Info: Redefining \ldots on input line 496.
LaTeX Info: Redefining \dots on input line 499.
LaTeX Info: Redefining \cdots on input line 620.
\Mathstrutbox@=\box70
\strutbox@=\box71
\big@size=\dimen275
LaTeX Font Info:    Redeclaring font encoding OML on input line 743.
LaTeX Font Info:    Redeclaring font encoding OMS on input line 744.
\macc@depth=\count312
\c@MaxMatrixCols=\count313
\dotsspace@=\muskip17
\c@parentequation=\count314
\dspbrk@lvl=\count315
\tag@help=\toks34
\row@=\count316
\column@=\count317
\maxfields@=\count318
\andhelp@=\toks35
\eqnshift@=\dimen276
\alignsep@=\dimen277
\tagshift@=\dimen278
\tagwidth@=\dimen279
\totwidth@=\dimen280
\lineht@=\dimen281
\@envbody=\toks36
\multlinegap=\skip59
\multlinetaggap=\skip60
\mathdisplay@stack=\toks37
LaTeX Info: Redefining \[ on input line 2923.
LaTeX Info: Redefining \] on input line 2924.
) (/Users/laneywilliams/Library/TinyTeX/texmf-dist/tex/latex/amscls/amsthm.sty
Package: amsthm 2020/05/29 v2.20.6
\thm@style=\toks38
\thm@bodyfont=\toks39
\thm@headfont=\toks40
\thm@notefont=\toks41
\thm@headpunct=\toks42
\thm@preskip=\skip61
\thm@postskip=\skip62
\thm@headsep=\skip63
\dth@everypar=\toks43
)
\c@theorem=\count319
)
(/Users/laneywilliams/Library/TinyTeX/texmf-dist/tex/latex/beamer/beamerbasethe
mes.sty))
(/Users/laneywilliams/Library/TinyTeX/texmf-dist/tex/latex/beamer/beamerthemede
fault.sty
(/Users/laneywilliams/Library/TinyTeX/texmf-dist/tex/latex/beamer/beamerfontthe
medefault.sty)
(/Users/laneywilliams/Library/TinyTeX/texmf-dist/tex/latex/beamer/beamercolorth
emedefault.sty)
(/Users/laneywilliams/Library/TinyTeX/texmf-dist/tex/latex/beamer/beamerinnerth
emedefault.sty
\beamer@dima=\dimen282
\beamer@dimb=\dimen283
)
(/Users/laneywilliams/Library/TinyTeX/texmf-dist/tex/latex/beamer/beamerouterth
emedefault.sty)))
(/Users/laneywilliams/Library/TinyTeX/texmf-dist/tex/latex/framed/framed.sty
Package: framed 2011/10/22 v 0.96: framed or shaded text with page breaks
\OuterFrameSep=\skip64
\fb@frw=\dimen284
\fb@frh=\dimen285
\FrameRule=\dimen286
\FrameSep=\dimen287
)
(/Users/laneywilliams/Library/TinyTeX/texmf-dist/tex/latex/base/alltt.sty
Package: alltt 1997/06/16 v2.0g defines alltt environment
)
(/Users/laneywilliams/Library/TinyTeX/texmf-dist/tex/latex/booktabs/booktabs.st
y
Package: booktabs 2020/01/12 v1.61803398 Publication quality tables
\heavyrulewidth=\dimen288
\lightrulewidth=\dimen289
\cmidrulewidth=\dimen290
\belowrulesep=\dimen291
\belowbottomsep=\dimen292
\aboverulesep=\dimen293
\abovetopsep=\dimen294
\cmidrulesep=\dimen295
\cmidrulekern=\dimen296
\defaultaddspace=\dimen297
\@cmidla=\count320
\@cmidlb=\count321
\@aboverulesep=\dimen298
\@belowrulesep=\dimen299
\@thisruleclass=\count322
\@lastruleclass=\count323
\@thisrulewidth=\dimen300
)
(/Users/laneywilliams/Library/TinyTeX/texmf-dist/tex/latex/l3backend/l3backend-
pdftex.def
File: l3backend-pdftex.def 2020-01-29 L3 backend support: PDF output (pdfTeX)
\l__color_backend_stack_int=\count324
\l__pdf_internal_box=\box72
) (./01_Beamer_TEMPLATE.aux)
\openout1 = `01_Beamer_TEMPLATE.aux'.

LaTeX Font Info:    Checking defaults for OML/cmm/m/it on input line 110.
LaTeX Font Info:    ... okay on input line 110.
LaTeX Font Info:    Checking defaults for OMS/cmsy/m/n on input line 110.
LaTeX Font Info:    ... okay on input line 110.
LaTeX Font Info:    Checking defaults for OT1/cmr/m/n on input line 110.
LaTeX Font Info:    ... okay on input line 110.
LaTeX Font Info:    Checking defaults for T1/cmr/m/n on input line 110.
LaTeX Font Info:    ... okay on input line 110.
LaTeX Font Info:    Checking defaults for TS1/cmr/m/n on input line 110.
LaTeX Font Info:    ... okay on input line 110.
LaTeX Font Info:    Checking defaults for OMX/cmex/m/n on input line 110.
LaTeX Font Info:    ... okay on input line 110.
LaTeX Font Info:    Checking defaults for U/cmr/m/n on input line 110.
LaTeX Font Info:    ... okay on input line 110.
LaTeX Font Info:    Checking defaults for PD1/pdf/m/n on input line 110.
LaTeX Font Info:    ... okay on input line 110.

*geometry* driver: auto-detecting
*geometry* detected driver: pdftex
*geometry* verbose mode - [ preamble ] result:
* driver: pdftex
* paper: custom
* layout: <same size as paper>
* layoutoffset:(h,v)=(0.0pt,0.0pt)
* modes: includehead includefoot 
* h-part:(L,W,R)=(28.45274pt, 307.28987pt, 28.45274pt)
* v-part:(T,H,B)=(0.0pt, 273.14662pt, 0.0pt)
* \paperwidth=364.19536pt
* \paperheight=273.14662pt
* \textwidth=307.28987pt
* \textheight=244.6939pt
* \oddsidemargin=-43.81725pt
* \evensidemargin=-43.81725pt
* \topmargin=-72.26999pt
* \headheight=14.22636pt
* \headsep=0.0pt
* \topskip=12.0pt
* \footskip=14.22636pt
* \marginparwidth=4.0pt
* \marginparsep=10.0pt
* \columnsep=10.0pt
* \skip\footins=10.8pt plus 4.0pt minus 2.0pt
* \hoffset=0.0pt
* \voffset=0.0pt
* \mag=1000
* \@twocolumnfalse
* \@twosidefalse
* \@mparswitchfalse
* \@reversemarginfalse
* (1in=72.27pt=25.4mm, 1cm=28.453pt)


(/Users/laneywilliams/Library/TinyTeX/texmf-dist/tex/latex/epstopdf-pkg/epstopd
f-base.sty
Package: epstopdf-base 2020-01-24 v2.11 Base part for package epstopdf
Package epstopdf-base Info: Redefining graphics rule for `.eps' on input line 4
85.

(/Users/laneywilliams/Library/TinyTeX/texmf-dist/tex/latex/latexconfig/epstopdf
-sys.cfg
File: epstopdf-sys.cfg 2010/07/13 v1.3 Configuration of (r)epstopdf for TeX Liv
e
))
Package hyperref Info: Link coloring OFF on input line 110.

(/Users/laneywilliams/Library/TinyTeX/texmf-dist/tex/latex/hyperref/nameref.sty
Package: nameref 2019/09/16 v2.46 Cross-referencing by name of section

(/Users/laneywilliams/Library/TinyTeX/texmf-dist/tex/latex/refcount/refcount.st
y
Package: refcount 2019/12/15 v3.6 Data extraction from label references (HO)
)
(/Users/laneywilliams/Library/TinyTeX/texmf-dist/tex/generic/gettitlestring/get
titlestring.sty
Package: gettitlestring 2019/12/15 v1.6 Cleanup title references (HO)
)
\c@section@level=\count325
)
LaTeX Info: Redefining \ref on input line 110.
LaTeX Info: Redefining \pageref on input line 110.
LaTeX Info: Redefining \nameref on input line 110.
 (./01_Beamer_TEMPLATE.out) (./01_Beamer_TEMPLATE.out)
\@outlinefile=\write5
\openout5 = `01_Beamer_TEMPLATE.out'.

LaTeX Font Info:    Overwriting symbol font `operators' in version `normal'
(Font)                  OT1/cmr/m/n --> OT1/cmss/m/n on input line 110.
LaTeX Font Info:    Overwriting symbol font `operators' in version `bold'
(Font)                  OT1/cmr/bx/n --> OT1/cmss/b/n on input line 110.
\symnumbers=\mathgroup6
\sympureletters=\mathgroup7
LaTeX Font Info:    Overwriting math alphabet `\mathrm' in version `normal'
(Font)                  OT1/cmss/m/n --> OT1/cmr/m/n on input line 110.
LaTeX Font Info:    Redeclaring math alphabet \mathbf on input line 110.
LaTeX Font Info:    Overwriting math alphabet `\mathbf' in version `normal'
(Font)                  OT1/cmr/bx/n --> OT1/cmss/b/n on input line 110.
LaTeX Font Info:    Overwriting math alphabet `\mathbf' in version `bold'
(Font)                  OT1/cmr/bx/n --> OT1/cmss/b/n on input line 110.
LaTeX Font Info:    Redeclaring math alphabet \mathsf on input line 110.
LaTeX Font Info:    Overwriting math alphabet `\mathsf' in version `normal'
(Font)                  OT1/cmss/m/n --> OT1/cmss/m/n on input line 110.
LaTeX Font Info:    Overwriting math alphabet `\mathsf' in version `bold'
(Font)                  OT1/cmss/bx/n --> OT1/cmss/m/n on input line 110.
LaTeX Font Info:    Redeclaring math alphabet \mathit on input line 110.
LaTeX Font Info:    Overwriting math alphabet `\mathit' in version `normal'
(Font)                  OT1/cmr/m/it --> OT1/cmss/m/it on input line 110.
LaTeX Font Info:    Overwriting math alphabet `\mathit' in version `bold'
(Font)                  OT1/cmr/bx/it --> OT1/cmss/m/it on input line 110.
LaTeX Font Info:    Redeclaring math alphabet \mathtt on input line 110.
LaTeX Font Info:    Overwriting math alphabet `\mathtt' in version `normal'
(Font)                  OT1/cmtt/m/n --> OT1/cmtt/m/n on input line 110.
LaTeX Font Info:    Overwriting math alphabet `\mathtt' in version `bold'
(Font)                  OT1/cmtt/m/n --> OT1/cmtt/m/n on input line 110.
LaTeX Font Info:    Overwriting symbol font `numbers' in version `bold'
(Font)                  OT1/cmss/m/n --> OT1/cmss/b/n on input line 110.
LaTeX Font Info:    Overwriting symbol font `pureletters' in version `bold'
(Font)                  OT1/cmss/m/it --> OT1/cmss/b/it on input line 110.
LaTeX Font Info:    Overwriting math alphabet `\mathrm' in version `bold'
(Font)                  OT1/cmss/b/n --> OT1/cmr/b/n on input line 110.
LaTeX Font Info:    Overwriting math alphabet `\mathbf' in version `bold'
(Font)                  OT1/cmss/b/n --> OT1/cmss/b/n on input line 110.
LaTeX Font Info:    Overwriting math alphabet `\mathsf' in version `bold'
(Font)                  OT1/cmss/m/n --> OT1/cmss/b/n on input line 110.
LaTeX Font Info:    Overwriting math alphabet `\mathit' in version `bold'
(Font)                  OT1/cmss/m/it --> OT1/cmss/b/it on input line 110.
LaTeX Font Info:    Overwriting math alphabet `\mathtt' in version `bold'
(Font)                  OT1/cmtt/m/n --> OT1/cmtt/b/n on input line 110.

(/Users/laneywilliams/Library/TinyTeX/texmf-dist/tex/latex/translator/translato
r-basic-dictionary-English.dict
Dictionary: translator-basic-dictionary, Language: English 
)
(/Users/laneywilliams/Library/TinyTeX/texmf-dist/tex/latex/translator/translato
r-bibliography-dictionary-English.dict
Dictionary: translator-bibliography-dictionary, Language: English 
)
(/Users/laneywilliams/Library/TinyTeX/texmf-dist/tex/latex/translator/translato
r-environment-dictionary-English.dict
Dictionary: translator-environment-dictionary, Language: English 
)
(/Users/laneywilliams/Library/TinyTeX/texmf-dist/tex/latex/translator/translato
r-months-dictionary-English.dict
Dictionary: translator-months-dictionary, Language: English 
)
(/Users/laneywilliams/Library/TinyTeX/texmf-dist/tex/latex/translator/translato
r-numbers-dictionary-English.dict
Dictionary: translator-numbers-dictionary, Language: English 
)
(/Users/laneywilliams/Library/TinyTeX/texmf-dist/tex/latex/translator/translato
r-theorem-dictionary-English.dict
Dictionary: translator-theorem-dictionary, Language: English 
) (./01_Beamer_TEMPLATE.nav) [1

{/Users/laneywilliams/Library/TinyTeX/texmf-var/fonts/map/pdftex/updmap/pdftex.
map}]
(./01_Beamer_TEMPLATE.toc) [2

]
LaTeX Font Info:    Trying to load font information for U+msa on input line 139
.

(/Users/laneywilliams/Library/TinyTeX/texmf-dist/tex/latex/amsfonts/umsa.fd
File: umsa.fd 2013/01/14 v3.01 AMS symbols A
)
LaTeX Font Info:    Trying to load font information for U+msb on input line 139
.

(/Users/laneywilliams/Library/TinyTeX/texmf-dist/tex/latex/amsfonts/umsb.fd
File: umsb.fd 2013/01/14 v3.01 AMS symbols B
)
[3

] [4

] [5

] [6

]
<plantpic_1.jpg, id=189, 3035.34pt x 4047.12pt>
File: plantpic_1.jpg Graphic file (type jpg)
<use plantpic_1.jpg>
Package pdftex.def Info: plantpic_1.jpg  used on input line 160.
(pdftex.def)             Requested size: 307.28987pt x 409.67603pt.

Overfull \vbox (167.72507pt too high) detected at line 160
 []

[7

 <./plantpic_1.jpg>] [8

] [9

] [10

]
\openout4 = `01_Beamer_TEMPLATE.vrb'.

 (./01_Beamer_TEMPLATE.vrb
LaTeX Font Info:    Font shape `OT1/cmtt/bx/n' in size <12> not available
(Font)              Font shape `OT1/cmtt/m/n' tried instead on input line 8.

Overfull \hbox (143.48535pt too wide) in paragraph at lines 13--13
[]\OT1/cmtt/m/n/12 ##  [1] 0.23772922 0.18524737 0.94531123 0.75201144 0.892308
28 0.09898049[] 
 []


Overfull \hbox (7.63528pt too wide) in paragraph at lines 13--13
[]\OT1/cmtt/m/n/12 ##  [7] 0.32206012 0.07873980 0.11492265 0.09896463[] 
 []

) [11

]
\openout4 = `01_Beamer_TEMPLATE.vrb'.

 (./01_Beamer_TEMPLATE.vrb
<figure/unnamed-chunk-2-1.pdf, id=319, 180.675pt x 180.675pt>
File: figure/unnamed-chunk-2-1.pdf Graphic file (type pdf)
<use figure/unnamed-chunk-2-1.pdf>
Package pdftex.def Info: figure/unnamed-chunk-2-1.pdf  used on input line 6.
(pdftex.def)             Requested size: 180.67455pt x 180.67455pt.
) [12

 <./figure/unnamed-chunk-2-1.pdf>]
[13

] [14

]
\openout4 = `01_Beamer_TEMPLATE.vrb'.

 (./01_Beamer_TEMPLATE.vrb) [15

] [16

]
\tf@nav=\write6
\openout6 = `01_Beamer_TEMPLATE.nav'.

\tf@toc=\write7
\openout7 = `01_Beamer_TEMPLATE.toc'.

\tf@snm=\write8
\openout8 = `01_Beamer_TEMPLATE.snm'.

 (./01_Beamer_TEMPLATE.aux)
Package rerunfilecheck Info: File `01_Beamer_TEMPLATE.out' has not changed.
(rerunfilecheck)             Checksum: A0DD82819DA19D64576D8ED334A4AFFD;242.
 ) 
Here is how much of TeX's memory you used:
 17651 strings out of 481252
 344191 string characters out of 5914303
 631962 words of memory out of 5000000
 34115 multiletter control sequences out of 15000+600000
 411767 words of font info for 58 fonts, out of 8000000 for 9000
 14 hyphenation exceptions out of 8191
 112i,14n,116p,493b,584s stack positions out of 5000i,500n,10000p,200000b,80000s
</Users/laneywilliams/Library/TinyTeX/texmf-dist/fonts/type1/public/amsfonts/
cm/cmitt10.pfb></Users/laneywilliams/Library/TinyTeX/texmf-dist/fonts/type1/pub
lic/amsfonts/cm/cmss10.pfb></Users/laneywilliams/Library/TinyTeX/texmf-dist/fon
ts/type1/public/amsfonts/cm/cmss12.pfb></Users/laneywilliams/Library/TinyTeX/te
xmf-dist/fonts/type1/public/amsfonts/cm/cmss17.pfb></Users/laneywilliams/Librar
y/TinyTeX/texmf-dist/fonts/type1/public/amsfonts/cm/cmss8.pfb></Users/laneywill
iams/Library/TinyTeX/texmf-dist/fonts/type1/public/amsfonts/cm/cmssbx10.pfb></U
sers/laneywilliams/Library/TinyTeX/texmf-dist/fonts/type1/public/amsfonts/cm/cm
ssi12.pfb></Users/laneywilliams/Library/TinyTeX/texmf-dist/fonts/type1/public/a
msfonts/cm/cmssi8.pfb></Users/laneywilliams/Library/TinyTeX/texmf-dist/fonts/ty
pe1/public/amsfonts/cm/cmtt12.pfb></Users/laneywilliams/Library/TinyTeX/texmf-d
ist/fonts/type1/public/amsfonts/symbols/msam10.pfb>
Output written on 01_Beamer_TEMPLATE.pdf (16 pages, 2700780 bytes).
PDF statistics:
 494 PDF objects out of 1000 (max. 8388607)
 452 compressed objects within 5 object streams
 36 named destinations out of 1000 (max. 500000)
 77 words of extra memory for PDF output out of 10000 (max. 10000000)

